0 info it worked if it ends with ok
1 verbose cli [ '/usr/local/bin/node', '/usr/local/bin/npm', 'start' ]
2 info using npm@2.14.12
3 info using node@v4.2.6
4 verbose run-script [ 'prestart', 'start', 'poststart' ]
5 info prestart storybook-road@0.2.0
6 verbose unsafe-perm in lifecycle true
7 info storybook-road@0.2.0 Failed to exec prestart script
8 verbose stack Error: storybook-road@0.2.0 prestart: `open mongod`
8 verbose stack Exit status 1
8 verbose stack     at EventEmitter.<anonymous> (/usr/local/lib/node_modules/npm/lib/utils/lifecycle.js:214:16)
8 verbose stack     at emitTwo (events.js:87:13)
8 verbose stack     at EventEmitter.emit (events.js:172:7)
8 verbose stack     at ChildProcess.<anonymous> (/usr/local/lib/node_modules/npm/lib/utils/spawn.js:24:14)
8 verbose stack     at emitTwo (events.js:87:13)
8 verbose stack     at ChildProcess.emit (events.js:172:7)
8 verbose stack     at maybeClose (internal/child_process.js:821:16)
8 verbose stack     at Process.ChildProcess._handle.onexit (internal/child_process.js:211:5)
9 verbose pkgid storybook-road@0.2.0
10 verbose cwd /Users/JeffsMacBookPro/Documents/Westminster College/Courses/Spring/2015-2016/CMPT 322.01/Storybook Road/repo/storybook-road-library
11 error Darwin 15.4.0
12 error argv "/usr/local/bin/node" "/usr/local/bin/npm" "start"
13 error node v4.2.6
14 error npm  v2.14.12
15 error code ELIFECYCLE
16 error storybook-road@0.2.0 prestart: `open mongod`
16 error Exit status 1
17 error Failed at the storybook-road@0.2.0 prestart script 'open mongod'.
17 error This is most likely a problem with the storybook-road package,
17 error not with npm itself.
17 error Tell the author that this fails on your system:
17 error     open mongod
17 error You can get their info via:
17 error     npm owner ls storybook-road
17 error There is likely additional logging output above.
18 verbose exit [ 1, true ]
